<?xml version="1.0" encoding="UTF-8" ?>
<testsuites name="vitest tests" tests="19" failures="1" errors="0" time="73.877">
    <testsuite name="tests/unit/error-handling/enhanced-error-handler.test.ts" timestamp="2025-09-08T08:36:37.350Z" hostname="MacBook-Air.local" tests="19" failures="1" errors="0" skipped="0" time="73.353">
        <testcase classname="tests/unit/error-handling/enhanced-error-handler.test.ts" name="Enhanced Error Handler Unit Tests &gt; Message Sending with Retry &gt; should succeed on first attempt" time="0.001">
        </testcase>
        <testcase classname="tests/unit/error-handling/enhanced-error-handler.test.ts" name="Enhanced Error Handler Unit Tests &gt; Message Sending with Retry &gt; should retry on failure and succeed" time="3.003">
        </testcase>
        <testcase classname="tests/unit/error-handling/enhanced-error-handler.test.ts" name="Enhanced Error Handler Unit Tests &gt; Message Sending with Retry &gt; should fail after max retries" time="7.005">
        </testcase>
        <testcase classname="tests/unit/error-handling/enhanced-error-handler.test.ts" name="Enhanced Error Handler Unit Tests &gt; Message Sending with Retry &gt; should timeout after specified time" time="15.007">
            <failure message="Test timed out in 15000ms.
If this is a long-running test, pass a timeout value as the last argument or configure it globally with &quot;testTimeout&quot;." type="Error">
Error: Test timed out in 15000ms.
If this is a long-running test, pass a timeout value as the last argument or configure it globally with &quot;testTimeout&quot;.
            </failure>
        </testcase>
        <testcase classname="tests/unit/error-handling/enhanced-error-handler.test.ts" name="Enhanced Error Handler Unit Tests &gt; Error Classification &gt; should classify extension context invalidated error" time="0.001">
        </testcase>
        <testcase classname="tests/unit/error-handling/enhanced-error-handler.test.ts" name="Enhanced Error Handler Unit Tests &gt; Error Classification &gt; should classify permission denied error" time="0.001">
        </testcase>
        <testcase classname="tests/unit/error-handling/enhanced-error-handler.test.ts" name="Enhanced Error Handler Unit Tests &gt; Error Classification &gt; should classify quota exceeded error" time="0">
        </testcase>
        <testcase classname="tests/unit/error-handling/enhanced-error-handler.test.ts" name="Enhanced Error Handler Unit Tests &gt; Error Classification &gt; should classify network error" time="7.004">
        </testcase>
        <testcase classname="tests/unit/error-handling/enhanced-error-handler.test.ts" name="Enhanced Error Handler Unit Tests &gt; Fallback Strategies &gt; should use fallback for ping action" time="7.005">
        </testcase>
        <testcase classname="tests/unit/error-handling/enhanced-error-handler.test.ts" name="Enhanced Error Handler Unit Tests &gt; Fallback Strategies &gt; should use fallback for saveBookmark action" time="7.006">
        </testcase>
        <testcase classname="tests/unit/error-handling/enhanced-error-handler.test.ts" name="Enhanced Error Handler Unit Tests &gt; Fallback Strategies &gt; should use fallback for getBookmarks action" time="7.002">
        </testcase>
        <testcase classname="tests/unit/error-handling/enhanced-error-handler.test.ts" name="Enhanced Error Handler Unit Tests &gt; Fallback Strategies &gt; should not use fallback for non-retryable errors" time="0">
        </testcase>
        <testcase classname="tests/unit/error-handling/enhanced-error-handler.test.ts" name="Enhanced Error Handler Unit Tests &gt; User Friendly Error Messages &gt; should show user friendly error for high severity errors" time="0.001">
        </testcase>
        <testcase classname="tests/unit/error-handling/enhanced-error-handler.test.ts" name="Enhanced Error Handler Unit Tests &gt; User Friendly Error Messages &gt; should not show user notifications when disabled" time="0">
        </testcase>
        <testcase classname="tests/unit/error-handling/enhanced-error-handler.test.ts" name="Enhanced Error Handler Unit Tests &gt; Request Management &gt; should track active requests" time="0.101">
        </testcase>
        <testcase classname="tests/unit/error-handling/enhanced-error-handler.test.ts" name="Enhanced Error Handler Unit Tests &gt; Request Management &gt; should cancel active requests" time="6.003">
        </testcase>
        <testcase classname="tests/unit/error-handling/enhanced-error-handler.test.ts" name="Enhanced Error Handler Unit Tests &gt; Strategy Configuration &gt; should use different strategies for different operation types" time="0.202">
        </testcase>
        <testcase classname="tests/unit/error-handling/enhanced-error-handler.test.ts" name="Enhanced Error Handler Unit Tests &gt; Error Sanitization &gt; should sanitize sensitive information from error messages" time="7.005">
        </testcase>
        <testcase classname="tests/unit/error-handling/enhanced-error-handler.test.ts" name="Enhanced Error Handler Unit Tests &gt; Error Sanitization &gt; should limit error message length" time="7.004">
        </testcase>
    </testsuite>
</testsuites>
